0 info it worked if it ends with ok
1 verbose cli [ 'C:\\Program Files\\nodejs\\node.exe',
1 verbose cli   'C:\\Users\\SR286658\\AppData\\Roaming\\npm\\node_modules\\npm\\bin\\npm-cli.js',
1 verbose cli   'start' ]
2 info using npm@3.10.3
3 info using node@v4.4.5
4 verbose run-script [ 'prestart', 'start', 'poststart' ]
5 info lifecycle WeatherForecast@0.0.0~prestart: WeatherForecast@0.0.0
6 silly lifecycle WeatherForecast@0.0.0~prestart: no script for prestart, continuing
7 info lifecycle WeatherForecast@0.0.0~start: WeatherForecast@0.0.0
8 verbose lifecycle WeatherForecast@0.0.0~start: unsafe-perm in lifecycle true
9 verbose lifecycle WeatherForecast@0.0.0~start: PATH: C:\Users\SR286658\AppData\Roaming\npm\node_modules\npm\bin\node-gyp-bin;E:\WeatherForecast\node_modules\.bin;C:\Program Files\nodejs;C:\Program Files\Java\jdk1.8.0_101\bin;C:\oraclexe\app\oracle\product\11.2.0\server\bin;C:\Program Files\Broadcom\Broadcom 802.11 Network Adapter;C:\Program Files (x86)\Intel\iCLS Client\;C:\Program Files\Intel\iCLS Client\;C:\ProgramData\Oracle\Java\javapath;C:\WINDOWS\system32;C:\WINDOWS;C:\WINDOWS\System32\Wbem;C:\WINDOWS\System32\WindowsPowerShell\v1.0\;C:\Program Files\Java\jdk1.7.0\bin;C:\Program Files\nodejs;C:\Program Files (x86)\Intel\Intel(R) Management Engine Components\DAL;C:\Program Files\Intel\Intel(R) Management Engine Components\DAL;C:\Program Files (x86)\Intel\Intel(R) Management Engine Components\IPT;C:\Program Files\Intel\Intel(R) Management Engine Components\IPT;C:\Program Files\Apache Software Foundation\apache-maven-3.3.9\bin;C:\Program Files\Git\bin;C:\Program Files\MongoDB\Server\3.2\bin;E:\Spring Integration\apache-activemq-5.13.4\bin;C:\Program Files\CloudFoundry;C:\Program Files\Java\jdk1.8.0_101\bin;C:\Users\SR286658\AppData\Local\atom\bin;C:\Users\SR286658\AppData\Roaming\npm;C:\Program Files\Git\cmd\git.exe;C:\Program Files\Java\jdk1.7.0\bin
10 verbose lifecycle WeatherForecast@0.0.0~start: CWD: E:\WeatherForecast
11 silly lifecycle WeatherForecast@0.0.0~start: Args: [ '/d /s /c', 'node ./bin/www' ]
12 silly lifecycle WeatherForecast@0.0.0~start: Returned: code: 1  signal: null
13 info lifecycle WeatherForecast@0.0.0~start: Failed to exec start script
14 verbose stack Error: WeatherForecast@0.0.0 start: `node ./bin/www`
14 verbose stack Exit status 1
14 verbose stack     at EventEmitter.<anonymous> (C:\Users\SR286658\AppData\Roaming\npm\node_modules\npm\lib\utils\lifecycle.js:242:16)
14 verbose stack     at emitTwo (events.js:87:13)
14 verbose stack     at EventEmitter.emit (events.js:172:7)
14 verbose stack     at ChildProcess.<anonymous> (C:\Users\SR286658\AppData\Roaming\npm\node_modules\npm\lib\utils\spawn.js:40:14)
14 verbose stack     at emitTwo (events.js:87:13)
14 verbose stack     at ChildProcess.emit (events.js:172:7)
14 verbose stack     at maybeClose (internal/child_process.js:827:16)
14 verbose stack     at Process.ChildProcess._handle.onexit (internal/child_process.js:211:5)
15 verbose pkgid WeatherForecast@0.0.0
16 verbose cwd E:\WeatherForecast
17 error Windows_NT 10.0.10586
18 error argv "C:\\Program Files\\nodejs\\node.exe" "C:\\Users\\SR286658\\AppData\\Roaming\\npm\\node_modules\\npm\\bin\\npm-cli.js" "start"
19 error node v4.4.5
20 error npm  v3.10.3
21 error code ELIFECYCLE
22 error WeatherForecast@0.0.0 start: `node ./bin/www`
22 error Exit status 1
23 error Failed at the WeatherForecast@0.0.0 start script 'node ./bin/www'.
23 error Make sure you have the latest version of node.js and npm installed.
23 error If you do, this is most likely a problem with the WeatherForecast package,
23 error not with npm itself.
23 error Tell the author that this fails on your system:
23 error     node ./bin/www
23 error You can get information on how to open an issue for this project with:
23 error     npm bugs WeatherForecast
23 error Or if that isn't available, you can get their info via:
23 error     npm owner ls WeatherForecast
23 error There is likely additional logging output above.
24 verbose exit [ 1, true ]
